<?xml version="1.0" encoding="UTF-8"?>
<testsuite name="demoTestPackage.POCSportTests" time="66.116" tests="1" errors="1" skipped="0" failures="0">
  <properties>
    <property name="java.runtime.name" value="Java(TM) SE Runtime Environment"/>
    <property name="sun.boot.library.path" value="C:\Program Files\Java\jdk1.6.0_45\jre\bin"/>
    <property name="java.vm.version" value="20.45-b01"/>
    <property name="java.vm.vendor" value="Sun Microsystems Inc."/>
    <property name="java.vendor.url" value="http://java.sun.com/"/>
    <property name="path.separator" value=";"/>
    <property name="guice.disable.misplaced.annotation.check" value="true"/>
    <property name="java.vm.name" value="Java HotSpot(TM) 64-Bit Server VM"/>
    <property name="file.encoding.pkg" value="sun.io"/>
    <property name="user.country" value="SE"/>
    <property name="sun.java.launcher" value="SUN_STANDARD"/>
    <property name="sun.os.patch.level" value="Service Pack 1"/>
    <property name="java.vm.specification.name" value="Java Virtual Machine Specification"/>
    <property name="user.dir" value="C:\SAFSPORT\salesportal\client\sport\sport-test\src\main\SafSport"/>
    <property name="java.runtime.version" value="1.6.0_45-b06"/>
    <property name="java.awt.graphicsenv" value="sun.awt.Win32GraphicsEnvironment"/>
    <property name="java.endorsed.dirs" value="C:\Program Files\Java\jdk1.6.0_45\jre\lib\endorsed"/>
    <property name="os.arch" value="amd64"/>
    <property name="java.io.tmpdir" value="C:\Users\gkhekp\AppData\Local\Temp\"/>
    <property name="line.separator" value="&#10;"/>
    <property name="java.vm.specification.vendor" value="Sun Microsystems Inc."/>
    <property name="user.variant" value=""/>
    <property name="os.name" value="Windows 7"/>
    <property name="classworlds.conf" value="C:\Dev\SAFSport\.metadata\.plugins\org.eclipse.m2e.core\launches\m2conf3148956226437057108.tmp"/>
    <property name="sun.jnu.encoding" value="Cp1252"/>
    <property name="java.library.path" value="C:\Program Files\Java\jdk1.6.0_45\bin;C:\Windows\Sun\Java\bin;C:\Windows\system32;C:\Windows;C:\Windows\system32;C:\Windows;C:\Windows\System32\Wbem;C:\Windows\System32\WindowsPowerShell\v1.0\;C:\Program Files\WIDCOMM\Bluetooth Software\;C:\Program Files\WIDCOMM\Bluetooth Software\syswow64;C:\Program Files\Perforce;C:\Program Files (x86)\Perforce;C:\Program Files\Microsoft SQL Server\110\Tools\Binn\;C:\Program Files\Java\jdk1.6.0_45\bin;C:\tool\apache-maven-3.1.1\bin;C:\Program Files (x86)\Windows Kits\8.1\Windows Performance Toolkit\;C:\Program Files\Microsoft\Web Platform Installer\;C:\Program Files (x86)\Microsoft ASP.NET\ASP.NET Web Pages\v1.0\;C:\Windows\Microsoft.NET\Framework\v4.0.30319;C:\Program Files (x86)\Silk\SilkTest;C:\Program Files (x86)\Silk\SilkTest\ng\gui;C:\tool\NuGet.exe;C:\Program Files (x86)\VMware\CobraWinLDTP\;C:\Windows\System32\WindowsPowerShell\v1.0\;C:\Users\gkhekp\Downloads\ikvmbin-7.2.4630.5\ikvm-7.2.4630.5\bin;C:\Windows\Microsoft.NET\Framework\v4.0.30319;C:\;C:\Program Files (x86)\Subversion\bin;C:\Program Files\doxygen\bin;C:\Program Files (x86)\Intel\OpenCL SDK\2.0\bin\x86;C:\Program Files (x86)\Intel\OpenCL SDK\2.0\bin\x64;C:\Program Files (x86)\Microsoft Team Foundation Server 2012 Power Tools\;C:\Program Files (x86)\Microsoft Team Foundation Server 2012 Power Tools\Best Practices Analyzer\;c:\Program Files (x86)\Microsoft SQL Server\110\Tools\Binn\;c:\Program Files\Microsoft SQL Server\110\DTS\Binn\;C:\Program Files\Microsoft SQL Server\120\Tools\Binn\;C:\Program Files (x86)\Microsoft SDKs\TypeScript\1.0\;C:\Dev\sik\package1\libs;C:\Users\gkhekp\Downloads\libs;C:\Program Files (x86)\Sikuli X\libs;C:\Program Files\Java\jdk1.6.0_45/bin;C:\Program Files (x86)\Sikuli X\libs;C:\Program Files (x86)\Java\jre6\\bin;C:\Program Files (x86)\Microsoft Visual Studio 11.0\Common7\IDE TF.exe;."/>
    <property name="java.specification.name" value="Java Platform API Specification"/>
    <property name="java.class.version" value="50.0"/>
    <property name="sun.management.compiler" value="HotSpot 64-Bit Tiered Compilers"/>
    <property name="os.version" value="6.1"/>
    <property name="user.home" value="\\global.scd.scania.com\home\se\121\gkhekp"/>
    <property name="user.timezone" value="Europe/Berlin"/>
    <property name="java.awt.printerjob" value="sun.awt.windows.WPrinterJob"/>
    <property name="file.encoding" value="Cp1252"/>
    <property name="java.specification.version" value="1.6"/>
    <property name="user.name" value="GKHEKP"/>
    <property name="java.class.path" value="C:\tool\apache-maven-3.1.1\boot\plexus-classworlds-2.5.1.jar"/>
    <property name="org.slf4j.simpleLogger.defaultLogLevel" value="debug"/>
    <property name="java.vm.specification.version" value="1.0"/>
    <property name="sun.arch.data.model" value="64"/>
    <property name="java.home" value="C:\Program Files\Java\jdk1.6.0_45\jre"/>
    <property name="sun.java.command" value="org.codehaus.classworlds.Launcher -B clean install -X"/>
    <property name="java.specification.vendor" value="Sun Microsystems Inc."/>
    <property name="user.language" value="sv"/>
    <property name="awt.toolkit" value="sun.awt.windows.WToolkit"/>
    <property name="java.vm.info" value="mixed mode"/>
    <property name="java.version" value="1.6.0_45"/>
    <property name="java.ext.dirs" value="C:\Program Files\Java\jdk1.6.0_45\jre\lib\ext;C:\Windows\Sun\Java\lib\ext"/>
    <property name="sun.boot.class.path" value="C:\Program Files\Java\jdk1.6.0_45\jre\lib\resources.jar;C:\Program Files\Java\jdk1.6.0_45\jre\lib\rt.jar;C:\Program Files\Java\jdk1.6.0_45\jre\lib\sunrsasign.jar;C:\Program Files\Java\jdk1.6.0_45\jre\lib\jsse.jar;C:\Program Files\Java\jdk1.6.0_45\jre\lib\jce.jar;C:\Program Files\Java\jdk1.6.0_45\jre\lib\charsets.jar;C:\Program Files\Java\jdk1.6.0_45\jre\lib\modules\jdk.boot.jar;C:\Program Files\Java\jdk1.6.0_45\jre\classes"/>
    <property name="java.vendor" value="Sun Microsystems Inc."/>
    <property name="maven.home" value="C:\tool\apache-maven-3.1.1"/>
    <property name="file.separator" value="\"/>
    <property name="java.vendor.url.bug" value="http://java.sun.com/cgi-bin/bugreport.cgi"/>
    <property name="sun.cpu.endian" value="little"/>
    <property name="sun.io.unicode.encoding" value="UnicodeLittle"/>
    <property name="sun.desktop" value="windows"/>
    <property name="sun.cpu.isalist" value="amd64"/>
  </properties>
  <testcase name="startSportOrder" classname="demoTestPackage.POCSportTests" time="66.116">
    <error message="TEST CASE FAILED" type="java.lang.Exception">java.lang.Exception: TEST CASE FAILED
	at testrulesmanagement.TestRuleTestCaseLevel$1.evaluate(TestRuleTestCaseLevel.java:66)
	at org.junit.rules.RunRules.evaluate(RunRules.java:20)
	at org.junit.runners.ParentRunner.runLeaf(ParentRunner.java:325)
	at org.junit.runners.BlockJUnit4ClassRunner.runChild(BlockJUnit4ClassRunner.java:76)
	at org.junit.runners.BlockJUnit4ClassRunner.runChild(BlockJUnit4ClassRunner.java:55)
	at org.junit.runners.ParentRunner$3.run(ParentRunner.java:290)
	at org.junit.runners.ParentRunner$1.schedule(ParentRunner.java:71)
	at org.junit.runners.ParentRunner.runChildren(ParentRunner.java:288)
	at org.junit.runners.ParentRunner.access$000(ParentRunner.java:58)
	at org.junit.runners.ParentRunner$2.evaluate(ParentRunner.java:268)
	at testrulesmanagement.TestRuleTestClassLevel$1.evaluate(TestRuleTestClassLevel.java:44)
	at org.junit.rules.RunRules.evaluate(RunRules.java:20)
	at org.junit.runners.ParentRunner.run(ParentRunner.java:363)
	at org.apache.maven.surefire.junit4.JUnit4Provider.execute(JUnit4Provider.java:283)
	at org.apache.maven.surefire.junit4.JUnit4Provider.executeWithRerun(JUnit4Provider.java:173)
	at org.apache.maven.surefire.junit4.JUnit4Provider.executeTestSet(JUnit4Provider.java:153)
	at org.apache.maven.surefire.junit4.JUnit4Provider.invoke(JUnit4Provider.java:128)
	at org.apache.maven.surefire.booter.ForkedBooter.invokeProviderInSameClassLoader(ForkedBooter.java:203)
	at org.apache.maven.surefire.booter.ForkedBooter.runSuitesInProcess(ForkedBooter.java:155)
	at org.apache.maven.surefire.booter.ForkedBooter.main(ForkedBooter.java:103)
</error>
    <system-out><![CDATA[19 jan 11:02:01,840  
##############################################################
##############################################################
################TEST CLASS POCSPORTTESTS STARTS#################
##############################################################
##############################################################

19 jan 11:02:01,840  
****************************************************************
**************TEST CASE, startSportOrder, STARTS**************
19 jan 11:02:01,840  COMMONTESTSTEPS StartTheWebApplication  http://proj.salesportal.scania.com:10039/wps/portal/
19 jan 11:02:12,993  COMMONTESTSTEPS login 
19 jan 11:02:12,995  LOGINPAGE fieldUserIDInsert  xdstest1
19 jan 11:02:13,412  LOGINPAGE fieldPasswordInsert  ******
19 jan 11:02:13,797  LOGINPAGE buttonLogOnClick 
19 jan 11:02:35,100  SALESPORTMAINPAGE tabStockRefillClick 
19 jan 11:03:05,750  
--------------ERROR MESSGE:--------------
No Element Was Found by: By.xpath: //span[@Text='Stock Refill']
 EXCEPTION THROWN: java.lang.RuntimeException: No element '[Lorg.openqa.selenium.By;@3582c132' was found

--------------STACK TRACE:--------------

19 jan 11:03:05,753  java.lang.RuntimeException: No Element Was Found by: By.xpath: //span[@Text='Stock Refill']
 EXCEPTION THROWN: java.lang.RuntimeException: No element '[Lorg.openqa.selenium.By;@3582c132' was found

	at elementmanagement.seleniumWebDriverElementMgn.FindWebDriverElement.wiatAndGetElement(FindWebDriverElement.java:265)
	at elementmanagement.seleniumWebDriverElementMgn.FindWebDriverElement.waitForElementByXPath(FindWebDriverElement.java:113)
	at elementmanagement.seleniumWebDriverElementMgn.OperateOnWebDriverElement.clickAnElementByXPath(OperateOnWebDriverElement.java:219)
	at elementmanagement.seleniumWebDriverElementMgn.OperateOnWebDriverElement.clickAnElementByXPath(OperateOnWebDriverElement.java:206)
	at elementmanagement.seleniumWebDriverElementMgn.OperateOnWebDriverElement.clickAnElementByXPath(OperateOnWebDriverElement.java:195)
	at windowAndPageMgn.pageMgn.Pages.SalesPortMainPage.tabStockRefillClick(SalesPortMainPage.java:14)
	at demoTestPackage.POCSportTests.startSportOrder(POCSportTests.java:40)
	at sun.reflect.NativeMethodAccessorImpl.invoke0(Native Method)
	at sun.reflect.NativeMethodAccessorImpl.invoke(NativeMethodAccessorImpl.java:39)
	at sun.reflect.DelegatingMethodAccessorImpl.invoke(DelegatingMethodAccessorImpl.java:25)
	at java.lang.reflect.Method.invoke(Method.java:597)
	at org.junit.runners.model.FrameworkMethod$1.runReflectiveCall(FrameworkMethod.java:50)
	at org.junit.internal.runners.model.ReflectiveCallable.run(ReflectiveCallable.java:12)
	at org.junit.runners.model.FrameworkMethod.invokeExplosively(FrameworkMethod.java:47)
	at org.junit.internal.runners.statements.InvokeMethod.evaluate(InvokeMethod.java:17)
	at org.junit.internal.runners.statements.RunBefores.evaluate(RunBefores.java:26)
	at org.junit.internal.runners.statements.RunAfters.evaluate(RunAfters.java:27)
	at testrulesmanagement.TestRuleTestCaseLevel$1.evaluate(TestRuleTestCaseLevel.java:46)
	at org.junit.rules.RunRules.evaluate(RunRules.java:20)
	at org.junit.runners.ParentRunner.runLeaf(ParentRunner.java:325)
	at org.junit.runners.BlockJUnit4ClassRunner.runChild(BlockJUnit4ClassRunner.java:76)
	at org.junit.runners.BlockJUnit4ClassRunner.runChild(BlockJUnit4ClassRunner.java:55)
	at org.junit.runners.ParentRunner$3.run(ParentRunner.java:290)
	at org.junit.runners.ParentRunner$1.schedule(ParentRunner.java:71)
	at org.junit.runners.ParentRunner.runChildren(ParentRunner.java:288)
	at org.junit.runners.ParentRunner.access$000(ParentRunner.java:58)
	at org.junit.runners.ParentRunner$2.evaluate(ParentRunner.java:268)
	at testrulesmanagement.TestRuleTestClassLevel$1.evaluate(TestRuleTestClassLevel.java:44)
	at org.junit.rules.RunRules.evaluate(RunRules.java:20)
	at org.junit.runners.ParentRunner.run(ParentRunner.java:363)
	at org.apache.maven.surefire.junit4.JUnit4Provider.execute(JUnit4Provider.java:283)
	at org.apache.maven.surefire.junit4.JUnit4Provider.executeWithRerun(JUnit4Provider.java:173)
	at org.apache.maven.surefire.junit4.JUnit4Provider.executeTestSet(JUnit4Provider.java:153)
	at org.apache.maven.surefire.junit4.JUnit4Provider.invoke(JUnit4Provider.java:128)
	at org.apache.maven.surefire.booter.ForkedBooter.invokeProviderInSameClassLoader(ForkedBooter.java:203)
	at org.apache.maven.surefire.booter.ForkedBooter.runSuitesInProcess(ForkedBooter.java:155)
	at org.apache.maven.surefire.booter.ForkedBooter.main(ForkedBooter.java:103)

19 jan 11:03:06,597  SCREENSHOT getScreenShot  file:////C:\SAFSPORT\salesportal\client\sport\sport-test\src\main\SafSport\screenshot\POCSportTests\19_jan_2015_11_03_05_startSportOrder.pngC:\SAFSPORT\salesportal\client\sport\sport-test\src\main\SafSport\screenshot\POCSportTests\19_jan_2015_11_03_05_startSportOrder.png
19 jan 11:03:07,955  
****************************************************************
**************TEST CASE, STARTSPORTORDER FAILED**************
***********************************************************

]]></system-out>
    <system-err><![CDATA[Starting ChromeDriver (v2.9.248315) on port 24855
]]></system-err>
  </testcase>
</testsuite>